Using pre-set license
Built from '2021.3/staging' branch; Version is '2021.3.21f1 (1b156197d683) revision 1774945'; Using compiler version '192829333'; Build Type 'Release'
OS: 'Windows 11  (10.0.22621) 64bit CoreSingleLanguage' Language: 'en' Physical Memory: 5996 MB
BatchMode: 1, IsHumanControllingUs: 0, StartBugReporterOnCrash: 0, Is64bit: 1, IsPro: 1

COMMAND LINE ARGUMENTS:
D:\unity2020\2021.3.21f1\Editor\Unity.exe
-adb2
-batchMode
-noUpm
-name
AssetImportWorker0
-projectPath
D:/projek unity/Game-Pilah-Pakaian
-logFile
Logs/AssetImportWorker0.log
-srvPort
50822
Successfully changed project path to: D:/projek unity/Game-Pilah-Pakaian
D:/projek unity/Game-Pilah-Pakaian
[UnityMemory] Configuration Parameters - Can be set up in boot.config
    "memorysetup-bucket-allocator-granularity=16"
    "memorysetup-bucket-allocator-bucket-count=8"
    "memorysetup-bucket-allocator-block-size=33554432"
    "memorysetup-bucket-allocator-block-count=8"
    "memorysetup-main-allocator-block-size=16777216"
    "memorysetup-thread-allocator-block-size=16777216"
    "memorysetup-gfx-main-allocator-block-size=16777216"
    "memorysetup-gfx-thread-allocator-block-size=16777216"
    "memorysetup-cache-allocator-block-size=4194304"
    "memorysetup-typetree-allocator-block-size=2097152"
    "memorysetup-profiler-bucket-allocator-granularity=16"
    "memorysetup-profiler-bucket-allocator-bucket-count=8"
    "memorysetup-profiler-bucket-allocator-block-size=33554432"
    "memorysetup-profiler-bucket-allocator-block-count=8"
    "memorysetup-profiler-allocator-block-size=16777216"
    "memorysetup-profiler-editor-allocator-block-size=1048576"
    "memorysetup-temp-allocator-size-main=16777216"
    "memorysetup-job-temp-allocator-block-size=2097152"
    "memorysetup-job-temp-allocator-block-size-background=1048576"
    "memorysetup-job-temp-allocator-reduction-small-platforms=262144"
    "memorysetup-temp-allocator-size-background-worker=32768"
    "memorysetup-temp-allocator-size-job-worker=262144"
    "memorysetup-temp-allocator-size-preload-manager=33554432"
    "memorysetup-temp-allocator-size-nav-mesh-worker=65536"
    "memorysetup-temp-allocator-size-audio-worker=65536"
    "memorysetup-temp-allocator-size-cloud-worker=32768"
    "memorysetup-temp-allocator-size-gi-baking-worker=262144"
    "memorysetup-temp-allocator-size-gfx=262144"
Player connection [23356] Host "[IP] 192.168.56.1 [Port] 0 [Flags] 2 [Guid] 1786585378 [EditorId] 1786585378 [Version] 1048832 [Id] WindowsEditor(7,Nandohy) [Debug] 1 [PackageName] WindowsEditor [ProjectName] Editor" joined multi-casting on [225.0.0.222:54997]...

Player connection [23356] Host "[IP] 192.168.56.1 [Port] 0 [Flags] 2 [Guid] 1786585378 [EditorId] 1786585378 [Version] 1048832 [Id] WindowsEditor(7,Nandohy) [Debug] 1 [PackageName] WindowsEditor [ProjectName] Editor" joined alternative multi-casting on [225.0.0.222:34997]...

Refreshing native plugins compatible for Editor in 66.71 ms, found 2 plugins.
Preloading 0 native plugins for Editor in 0.00 ms.
Initialize engine version: 2021.3.21f1 (1b156197d683)
[Subsystems] Discovering subsystems at path D:/unity2020/2021.3.21f1/Editor/Data/Resources/UnitySubsystems
[Subsystems] Discovering subsystems at path D:/projek unity/Game-Pilah-Pakaian/Assets
GfxDevice: creating device client; threaded=0; jobified=0
Direct3D:
    Version:  Direct3D 11.0 [level 11.1]
    Renderer: NVIDIA GeForce RTX 3050 Laptop GPU (ID=0x25a2)
    Vendor:   NVIDIA
    VRAM:     3979 MB
    Driver:   31.0.15.2656
Initialize mono
Mono path[0] = 'D:/unity2020/2021.3.21f1/Editor/Data/Managed'
Mono path[1] = 'D:/unity2020/2021.3.21f1/Editor/Data/MonoBleedingEdge/lib/mono/unityjit-win32'
Mono config path = 'D:/unity2020/2021.3.21f1/Editor/Data/MonoBleedingEdge/etc'
Using monoOptions --debugger-agent=transport=dt_socket,embedding=1,server=y,suspend=n,address=127.0.0.1:56720
Begin MonoManager ReloadAssembly
Registering precompiled unity dll's ...
Register platform support module: D:/unity2020/2021.3.21f1/Editor/Data/PlaybackEngines/WebGLSupport/UnityEditor.WebGL.Extensions.dll
Register platform support module: D:/unity2020/2021.3.21f1/Editor/Data/PlaybackEngines/WindowsStandaloneSupport/UnityEditor.WindowsStandalone.Extensions.dll
Registered in 0.004058 seconds.
Native extension for WindowsStandalone target not found
Native extension for WebGL target not found
Refreshing native plugins compatible for Editor in 54.07 ms, found 2 plugins.
Preloading 0 native plugins for Editor in 0.00 ms.
Mono: successfully reloaded assembly
- Completed reload, in  0.928 seconds
Domain Reload Profiling:
	ReloadAssembly (928ms)
		BeginReloadAssembly (174ms)
			ExecutionOrderSort (0ms)
			DisableScriptedObjects (0ms)
			BackupInstance (0ms)
			ReleaseScriptingObjects (0ms)
			CreateAndSetChildDomain (1ms)
		EndReloadAssembly (611ms)
			LoadAssemblies (174ms)
			RebuildTransferFunctionScriptingTraits (0ms)
			SetupTypeCache (161ms)
			ReleaseScriptCaches (0ms)
			RebuildScriptCaches (37ms)
			SetupLoadedEditorAssemblies (333ms)
				LogAssemblyErrors (0ms)
				InitializePlatformSupportModulesInManaged (11ms)
				SetLoadedEditorAssemblies (0ms)
				RefreshPlugins (54ms)
				BeforeProcessingInitializeOnLoad (2ms)
				ProcessInitializeOnLoadAttributes (189ms)
				ProcessInitializeOnLoadMethodAttributes (76ms)
				AfterProcessingInitializeOnLoad (0ms)
				EditorAssembliesLoaded (0ms)
			ExecutionOrderSort2 (0ms)
			AwakeInstancesAfterBackupRestoration (0ms)
Platform modules already initialized, skipping
Registering precompiled user dll's ...
Registered in 0.007281 seconds.
Begin MonoManager ReloadAssembly
Native extension for WindowsStandalone target not found
Native extension for WebGL target not found
Refreshing native plugins compatible for Editor in 1.13 ms, found 2 plugins.
Preloading 0 native plugins for Editor in 0.00 ms.
Mono: successfully reloaded assembly
- Completed reload, in  1.574 seconds
Domain Reload Profiling:
	ReloadAssembly (1575ms)
		BeginReloadAssembly (207ms)
			ExecutionOrderSort (0ms)
			DisableScriptedObjects (13ms)
			BackupInstance (0ms)
			ReleaseScriptingObjects (0ms)
			CreateAndSetChildDomain (33ms)
		EndReloadAssembly (1219ms)
			LoadAssemblies (214ms)
			RebuildTransferFunctionScriptingTraits (0ms)
			SetupTypeCache (271ms)
			ReleaseScriptCaches (1ms)
			RebuildScriptCaches (58ms)
			SetupLoadedEditorAssemblies (648ms)
				LogAssemblyErrors (0ms)
				InitializePlatformSupportModulesInManaged (7ms)
				SetLoadedEditorAssemblies (1ms)
				RefreshPlugins (1ms)
				BeforeProcessingInitializeOnLoad (93ms)
				ProcessInitializeOnLoadAttributes (337ms)
				ProcessInitializeOnLoadMethodAttributes (204ms)
				AfterProcessingInitializeOnLoad (4ms)
				EditorAssembliesLoaded (0ms)
			ExecutionOrderSort2 (0ms)
			AwakeInstancesAfterBackupRestoration (10ms)
Platform modules already initialized, skipping
========================================================================
Worker process is ready to serve import requests
Launched and connected shader compiler UnityShaderCompiler.exe after 0.14 seconds
Refreshing native plugins compatible for Editor in 1.00 ms, found 2 plugins.
Preloading 0 native plugins for Editor in 0.00 ms.
Unloading 2366 Unused Serialized files (Serialized files now loaded: 0)
Unloading 63 unused Assets / (57.3 KB). Loaded Objects now: 2804.
Memory consumption went from 89.9 MB to 89.8 MB.
Total: 12.256000 ms (FindLiveObjects: 0.455700 ms CreateObjectMapping: 0.142100 ms MarkObjects: 11.502600 ms  DeleteObjects: 0.154100 ms)

AssetImportParameters requested are different than current active one (requested -> active):
  custom:video-decoder-ogg-theora: a1e56fd34408186e4bbccfd4996cb3dc -> 
  custom:container-muxer-webm: aa71ff27fc2769a1b78a27578f13a17b -> 
  custom:container-demuxer-webm: 4f35f7cbe854078d1ac9338744f61a02 -> 
  custom:video-encoder-webm-vp8: eb34c28f22e8b96e1ab97ce403110664 -> 
  custom:video-codec-MediaFoundation-h265: 746d11721c4dcdbdad8f713fa42b33f4 -> 
  custom:audio-encoder-webm-vorbis: bf7c407c2cedff20999df2af8eb42d56 -> 
  custom:framework-win-MediaFoundation: 216162199b28c13a410421893ffa2e32 -> 
  custom:container-demuxer-ogg: 62fdf1f143b41e24485cea50d1cbac27 -> 
  custom:video-decoder-webm-vp8: 9c59270c3fd7afecdb556c50c9e8de78 -> 
  custom:audio-decoder-ogg-vorbis: bf7c407c2cedff20999df2af8eb42d56 -> 
========================================================================
Received Import Request.
  Time since last request: 1898081.630226 seconds.
  path: Assets/Asset/Asset/kemeja_cowok_1-removebg-preview.png
  artifactKey: Guid(16dfdbe151d4cd743828644f0988a726) Importer(815301076,1909f56bfc062723c751e8b465ee728b)
Start importing Assets/Asset/Asset/kemeja_cowok_1-removebg-preview.png using Guid(16dfdbe151d4cd743828644f0988a726) Importer(815301076,1909f56bfc062723c751e8b465ee728b)  -> (artifact id: 'c6ef64d453be17f28c4f5ae63b3bd322') in 0.132310 seconds 
========================================================================
Received Import Request.
  Time since last request: 154.405117 seconds.
  path: Assets/Asset/Scripts/Scripts/GerakPindah.cs
  artifactKey: Guid(8828b552798c8ce479f4bc16034c1d00) Importer(815301076,1909f56bfc062723c751e8b465ee728b)
Start importing Assets/Asset/Scripts/Scripts/GerakPindah.cs using Guid(8828b552798c8ce479f4bc16034c1d00) Importer(815301076,1909f56bfc062723c751e8b465ee728b)  -> (artifact id: '694e24de305dba841eaec1138c57d70a') in 0.060540 seconds 
========================================================================
Received Import Request.
  Time since last request: 270.032200 seconds.
  path: Assets/Asset/Button/Back (1).png
  artifactKey: Guid(d3cfa469932d45543befcfa9c782074b) Importer(815301076,1909f56bfc062723c751e8b465ee728b)
Start importing Assets/Asset/Button/Back (1).png using Guid(d3cfa469932d45543befcfa9c782074b) Importer(815301076,1909f56bfc062723c751e8b465ee728b)  -> (artifact id: '426be1423bc14a4cd428c2b5d85fda7b') in 0.178968 seconds 
========================================================================
Received Import Request.
  Time since last request: 0.000055 seconds.
  path: Assets/Asset/Button/Badges (4).png
  artifactKey: Guid(5fc220e8168812047bba650786fcf609) Importer(815301076,1909f56bfc062723c751e8b465ee728b)
Start importing Assets/Asset/Button/Badges (4).png using Guid(5fc220e8168812047bba650786fcf609) Importer(815301076,1909f56bfc062723c751e8b465ee728b)  -> (artifact id: '1ecd6c284fcdab1d4fbf06a24c93ac7d') in 0.063305 seconds 
========================================================================
Received Import Request.
  Time since last request: 0.000053 seconds.
  path: Assets/Asset/Button/Exit (3).png
  artifactKey: Guid(22d0540faec1c5840a14a024ce6fbdd9) Importer(815301076,1909f56bfc062723c751e8b465ee728b)
Start importing Assets/Asset/Button/Exit (3).png using Guid(22d0540faec1c5840a14a024ce6fbdd9) Importer(815301076,1909f56bfc062723c751e8b465ee728b)  -> (artifact id: '216fb7de064ed43e7343b90e09bb4ea6') in 0.045706 seconds 
========================================================================
Received Import Request.
  Time since last request: 0.000041 seconds.
  path: Assets/Asset/Button/Check (4).png
  artifactKey: Guid(d66ee68408be6074da2557ed99897525) Importer(815301076,1909f56bfc062723c751e8b465ee728b)
Start importing Assets/Asset/Button/Check (4).png using Guid(d66ee68408be6074da2557ed99897525) Importer(815301076,1909f56bfc062723c751e8b465ee728b)  -> (artifact id: '52c852c3a7ca2c02343c592975be1565') in 0.048518 seconds 
========================================================================
Received Import Request.
  Time since last request: 0.000115 seconds.
  path: Assets/Asset/Button/Help (4).png
  artifactKey: Guid(558c0937edb978849970e8c42b09989a) Importer(815301076,1909f56bfc062723c751e8b465ee728b)
Start importing Assets/Asset/Button/Help (4).png using Guid(558c0937edb978849970e8c42b09989a) Importer(815301076,1909f56bfc062723c751e8b465ee728b)  -> (artifact id: '9861c4a4334861ef8a76d16ab03f9bfa') in 0.041288 seconds 
========================================================================
Received Import Request.
  Time since last request: 0.000038 seconds.
  path: Assets/Asset/Button/Help (2).png
  artifactKey: Guid(bc5aaec5d69fbba44a6dba58329f4c30) Importer(815301076,1909f56bfc062723c751e8b465ee728b)
Start importing Assets/Asset/Button/Help (2).png using Guid(bc5aaec5d69fbba44a6dba58329f4c30) Importer(815301076,1909f56bfc062723c751e8b465ee728b)  -> (artifact id: '57c93cf6b408669c98d9729803ea0eee') in 0.041278 seconds 
========================================================================
Received Import Request.
  Time since last request: 0.000027 seconds.
  path: Assets/Asset/Button/Facebook (3).png
  artifactKey: Guid(fd25aa7a5ebcff84cb0835c061701038) Importer(815301076,1909f56bfc062723c751e8b465ee728b)
Start importing Assets/Asset/Button/Facebook (3).png using Guid(fd25aa7a5ebcff84cb0835c061701038) Importer(815301076,1909f56bfc062723c751e8b465ee728b)  -> (artifact id: 'faf1e758417f6e95d321c33a37084149') in 0.032299 seconds 
========================================================================
Received Import Request.
  Time since last request: 0.000032 seconds.
  path: Assets/Asset/Button/Check (2).png
  artifactKey: Guid(1890788995b706646b88de0b2f4164c9) Importer(815301076,1909f56bfc062723c751e8b465ee728b)
Start importing Assets/Asset/Button/Check (2).png using Guid(1890788995b706646b88de0b2f4164c9) Importer(815301076,1909f56bfc062723c751e8b465ee728b)  -> (artifact id: 'a5866eb03594572366f0a1be23c4f2ef') in 0.035893 seconds 
========================================================================
Received Import Request.
  Time since last request: 0.000026 seconds.
  path: Assets/Asset/Button/GPlus (3).png
  artifactKey: Guid(de38f6e904d8c3b408716fae340bba75) Importer(815301076,1909f56bfc062723c751e8b465ee728b)
Start importing Assets/Asset/Button/GPlus (3).png using Guid(de38f6e904d8c3b408716fae340bba75) Importer(815301076,1909f56bfc062723c751e8b465ee728b)  -> (artifact id: '1cacda4fff17a76166c38bcf87aee4af') in 0.035077 seconds 
========================================================================
Received Import Request.
  Time since last request: 0.000031 seconds.
  path: Assets/Asset/Button/Cross (2).png
  artifactKey: Guid(a8c25282d8a6e014d8ae2930793636c8) Importer(815301076,1909f56bfc062723c751e8b465ee728b)
Start importing Assets/Asset/Button/Cross (2).png using Guid(a8c25282d8a6e014d8ae2930793636c8) Importer(815301076,1909f56bfc062723c751e8b465ee728b)  -> (artifact id: 'ae21195dbe5b3ac38d98d590be2fadce') in 0.055602 seconds 
========================================================================
Received Import Request.
  Time since last request: 0.000019 seconds.
  path: Assets/Asset/Button/GPlus (4).png
  artifactKey: Guid(feca312ac43b5ca41aa374f8dc8cd892) Importer(815301076,1909f56bfc062723c751e8b465ee728b)
Start importing Assets/Asset/Button/GPlus (4).png using Guid(feca312ac43b5ca41aa374f8dc8cd892) Importer(815301076,1909f56bfc062723c751e8b465ee728b)  -> (artifact id: '0012b87e3b6846ed6d271605cf2480ad') in 0.046737 seconds 
========================================================================
Received Import Request.
  Time since last request: 0.000024 seconds.
  path: Assets/Asset/Button/Facebook (1).png
  artifactKey: Guid(22298c28422dfd642b53c2d9395f188c) Importer(815301076,1909f56bfc062723c751e8b465ee728b)
Start importing Assets/Asset/Button/Facebook (1).png using Guid(22298c28422dfd642b53c2d9395f188c) Importer(815301076,1909f56bfc062723c751e8b465ee728b)  -> (artifact id: 'cef2f9f420b1cfeaf9d530d84196514d') in 0.034748 seconds 
========================================================================
Received Import Request.
  Time since last request: 0.000029 seconds.
  path: Assets/Asset/Button/Help (3).png
  artifactKey: Guid(4af7d99d04141f141943fb9e5ed98d37) Importer(815301076,1909f56bfc062723c751e8b465ee728b)
Start importing Assets/Asset/Button/Help (3).png using Guid(4af7d99d04141f141943fb9e5ed98d37) Importer(815301076,1909f56bfc062723c751e8b465ee728b)  -> (artifact id: '5170c5f7fa3551ae91a610a791cad9ae') in 0.035554 seconds 
========================================================================
Received Import Request.
  Time since last request: 0.000030 seconds.
  path: Assets/Asset/Button/DownArrow (1).png
  artifactKey: Guid(d8bdb467d07ea954bbbc21850fd11a07) Importer(815301076,1909f56bfc062723c751e8b465ee728b)
Start importing Assets/Asset/Button/DownArrow (1).png using Guid(d8bdb467d07ea954bbbc21850fd11a07) Importer(815301076,1909f56bfc062723c751e8b465ee728b)  -> (artifact id: 'b2786990eae9ef3a23341d45f3a39d3c') in 0.039918 seconds 
========================================================================
Received Import Request.
  Time since last request: 0.000038 seconds.
  path: Assets/Asset/Button/Exit (1).png
  artifactKey: Guid(443688070e4637146ad95e05a56d2b4d) Importer(815301076,1909f56bfc062723c751e8b465ee728b)
Start importing Assets/Asset/Button/Exit (1).png using Guid(443688070e4637146ad95e05a56d2b4d) Importer(815301076,1909f56bfc062723c751e8b465ee728b)  -> (artifact id: '1c75d4ae05f609d7f6fb4c0a9a14a790') in 0.058134 seconds 
========================================================================
Received Import Request.
  Time since last request: 0.000024 seconds.
  path: Assets/Asset/Button/Download (4).png
  artifactKey: Guid(86a4a167f4de99646a863ca2c1b15c5e) Importer(815301076,1909f56bfc062723c751e8b465ee728b)
Start importing Assets/Asset/Button/Download (4).png using Guid(86a4a167f4de99646a863ca2c1b15c5e) Importer(815301076,1909f56bfc062723c751e8b465ee728b)  -> (artifact id: '41ad9bb03367371023e8fa01914d7f69') in 0.037417 seconds 
========================================================================
Received Import Request.
  Time since last request: 0.000031 seconds.
  path: Assets/Asset/Button/Home (2).png
  artifactKey: Guid(d0cbe5cd8a97c9f41af09a5fde44ad0a) Importer(815301076,1909f56bfc062723c751e8b465ee728b)
Start importing Assets/Asset/Button/Home (2).png using Guid(d0cbe5cd8a97c9f41af09a5fde44ad0a) Importer(815301076,1909f56bfc062723c751e8b465ee728b)  -> (artifact id: 'fb0c93a0c7655020f555251908cddfe4') in 0.040625 seconds 
========================================================================
Received Import Request.
  Time since last request: 0.000023 seconds.
  path: Assets/Asset/Button/Cross (1).png
  artifactKey: Guid(73023481068f75247b32d04826064ab3) Importer(815301076,1909f56bfc062723c751e8b465ee728b)
Start importing Assets/Asset/Button/Cross (1).png using Guid(73023481068f75247b32d04826064ab3) Importer(815301076,1909f56bfc062723c751e8b465ee728b)  -> (artifact id: 'de0b8e0c5105fd9ef0c7bfdc5c43dd94') in 0.036526 seconds 
========================================================================
Received Import Request.
  Time since last request: 0.000034 seconds.
  path: Assets/Asset/Button/Help (1).png
  artifactKey: Guid(a771f8aafe579304b9aa295290420088) Importer(815301076,1909f56bfc062723c751e8b465ee728b)
Start importing Assets/Asset/Button/Help (1).png using Guid(a771f8aafe579304b9aa295290420088) Importer(815301076,1909f56bfc062723c751e8b465ee728b)  -> (artifact id: '7c0c85f5b64600b4502b644f6a247d04') in 0.035107 seconds 
========================================================================
Received Import Request.
  Time since last request: 0.000028 seconds.
  path: Assets/Asset/Button/Exit (2).png
  artifactKey: Guid(63dc8f81f863eab4bbd4664ca6a5d572) Importer(815301076,1909f56bfc062723c751e8b465ee728b)
Start importing Assets/Asset/Button/Exit (2).png using Guid(63dc8f81f863eab4bbd4664ca6a5d572) Importer(815301076,1909f56bfc062723c751e8b465ee728b)  -> (artifact id: '1cf14f3e3d1752ccb18a3499b4ea8554') in 0.034930 seconds 
========================================================================
Received Import Request.
  Time since last request: 0.000026 seconds.
  path: Assets/Asset/Button/DownArrow (4).png
  artifactKey: Guid(73f6c809f0bb5604e8d87cc557fcdcd9) Importer(815301076,1909f56bfc062723c751e8b465ee728b)
Start importing Assets/Asset/Button/DownArrow (4).png using Guid(73f6c809f0bb5604e8d87cc557fcdcd9) Importer(815301076,1909f56bfc062723c751e8b465ee728b)  -> (artifact id: 'a3bff034cfa37cd50b5629eb6579ed46') in 0.037756 seconds 
========================================================================
Received Import Request.
  Time since last request: 0.000024 seconds.
  path: Assets/Asset/Button/Cross (4).png
  artifactKey: Guid(03c551a9e9f787e4a8eb4968ae828a4c) Importer(815301076,1909f56bfc062723c751e8b465ee728b)
Start importing Assets/Asset/Button/Cross (4).png using Guid(03c551a9e9f787e4a8eb4968ae828a4c) Importer(815301076,1909f56bfc062723c751e8b465ee728b)  -> (artifact id: '4f12968c4e73ba48b5d6d63167fd649b') in 0.035591 seconds 
========================================================================
Received Import Request.
  Time since last request: 0.000058 seconds.
  path: Assets/Asset/Button/Back (4).png
  artifactKey: Guid(6235dea1b125d2f4d80550e0e9b608d0) Importer(815301076,1909f56bfc062723c751e8b465ee728b)
Start importing Assets/Asset/Button/Back (4).png using Guid(6235dea1b125d2f4d80550e0e9b608d0) Importer(815301076,1909f56bfc062723c751e8b465ee728b)  -> (artifact id: 'bbe17ceec9433424cd7ec47982921d6a') in 0.036728 seconds 
Editor requested this worker to shutdown with reason: Scaling down because of idle timeout
AssetImportWorker is now disconnected from the server
Process exiting
Exiting without the bug reporter. Application will terminate with return code 0